2026-05-22 12:33:06,121 - INFO - Reading CSV: C:\Users\sahii\OneDrive\Desktop\CapPro\bigB\test_data\login_data.csv
2026-05-22 12:33:06,122 - INFO - CSV loaded: 1 rows from login_data.csv
2026-05-22 12:33:06,122 - INFO - Reading CSV: C:\Users\sahii\OneDrive\Desktop\CapPro\bigB\test_data\search_data.csv
2026-05-22 12:33:06,122 - INFO - CSV loaded: 2 rows from search_data.csv
2026-05-22 12:33:06,125 - INFO - === Setting up Edge WebDriver ===
2026-05-22 12:33:06,817 - INFO - Edge WebDriver initialized with anti-detection flags
2026-05-22 12:33:09,248 - INFO - bigB homepage opened
2026-05-22 12:33:09,250 - INFO - === Test START | mobile: 9030652433 | product: Amul Butter ===
2026-05-22 12:33:09,252 - INFO - Navigating to bigB
2026-05-22 12:33:09,252 - INFO - Opening URL: https://www.bigbasket.com/
2026-05-22 12:33:11,177 - INFO - URL opened: https://www.bigbasket.com/
2026-05-22 12:33:11,201 - INFO - bigB homepage fully loaded
2026-05-22 12:33:11,545 - INFO - Entering mobile/email: 9030652433
2026-05-22 12:33:12,992 - INFO - Mobile/email entered successfully
2026-05-22 12:33:12,993 - INFO - Clicking Continue button
2026-05-22 12:33:13,038 - INFO - Continue clicked
2026-05-22 12:33:13,038 - INFO - Waiting up to 30s for OTP page heading
2026-05-22 12:33:14,597 - INFO - OTP page detected — enter OTP manually in browser
2026-05-22 12:33:14,597 - INFO - Waiting up to 120s for Verify & Continue button
2026-05-22 12:33:20,903 - INFO - Verify & Continue clickable — clicking
2026-05-22 12:33:20,957 - INFO - Verify & Continue clicked
2026-05-22 12:33:20,958 - INFO - Checking for location popup after login
2026-05-22 12:33:23,363 - INFO - Location popup dismissed — clicked 'Got it'
2026-05-22 12:34:22,124 - INFO - === Test PASSED | mobile: 9030652433 | product: Amul Butter ===
2026-05-22 12:34:22,125 - INFO - Test PASSED: test_search_and_checkout[9030652433-Amul Butter] - capturing screenshot
2026-05-22 12:34:22,224 - INFO - Screenshot saved: screenshots\PASSED_test_search_and_checkout_9030652433-Amul_Butter.png
2026-05-22 12:34:22,239 - INFO - Quitting WebDriver
2026-05-22 12:34:29,522 - INFO - === WebDriver session closed ===
