2026-05-23 12:38:10,392 - INFO - Reading CSV: C:\Users\sahii\OneDrive\Desktop\CapPro\BDD_BigBasket\test_data\login_data.csv
2026-05-23 12:38:10,393 - INFO - CSV loaded: 1 rows from login_data.csv
2026-05-23 12:38:10,393 - INFO - Reading CSV: C:\Users\sahii\OneDrive\Desktop\CapPro\BDD_BigBasket\test_data\negative_data.csv
2026-05-23 12:38:10,393 - INFO - CSV loaded: 2 rows from negative_data.csv
2026-05-23 12:38:10,393 - INFO - Reading CSV: C:\Users\sahii\OneDrive\Desktop\CapPro\BDD_BigBasket\test_data\positive_data.csv
2026-05-23 12:38:10,393 - INFO - CSV loaded: 1 rows from positive_data.csv
2026-05-23 12:38:10,394 - INFO - Reading CSV: C:\Users\sahii\OneDrive\Desktop\CapPro\BDD_BigBasket\test_data\search_data.csv
2026-05-23 12:38:10,394 - INFO - CSV loaded: 2 rows from search_data.csv
2026-05-23 12:38:10,399 - INFO - ========================================
2026-05-23 12:38:10,399 - INFO - STARTING SCENARIO: Invalid search and empty basket checkout should be blocked
2026-05-23 12:38:11,798 - INFO - Browser opened for scenario: Invalid search and empty basket checkout should be blocked
2026-05-23 12:38:11,806 - INFO - Step: ensure user is logged into BigBasket
2026-05-23 12:38:11,806 - INFO - Reading CSV: C:\Users\sahii\OneDrive\Desktop\CapPro\BDD_BigBasket\test_data\login_data.csv
2026-05-23 12:38:11,808 - INFO - CSV loaded: 1 rows from login_data.csv
2026-05-23 12:38:11,809 - INFO - Starting login flow with mobile: 9030652433
2026-05-23 12:38:11,809 - INFO - Step: launch BigBasket application
2026-05-23 12:38:11,810 - INFO - Navigating to bigB
2026-05-23 12:38:11,839 - INFO - Opening URL: https://www.bigbasket.com/
2026-05-23 12:38:15,583 - INFO - URL opened: https://www.bigbasket.com/
2026-05-23 12:38:15,609 - INFO - bigB homepage fully loaded
2026-05-23 12:38:15,609 - INFO - Step: click Login menu
2026-05-23 12:38:15,609 - INFO - Clicking Login menu
2026-05-23 12:38:16,038 - INFO - Login menu clicked
2026-05-23 12:38:16,038 - INFO - Entering mobile/email: 9030652433
2026-05-23 12:38:17,292 - INFO - Mobile/email entered successfully
2026-05-23 12:38:17,292 - INFO - Step: click Continue button
2026-05-23 12:38:17,293 - INFO - Clicking Continue button
2026-05-23 12:38:17,378 - INFO - Continue clicked
2026-05-23 12:38:17,379 - INFO - Waiting up to 30s for OTP page heading
2026-05-23 12:38:18,779 - INFO - OTP page detected - enter OTP manually in browser
2026-05-23 12:38:18,779 - INFO - Step: complete OTP verification manually
2026-05-23 12:38:18,780 - INFO - Waiting up to 120s for Verify & Continue button
2026-05-23 12:38:26,119 - INFO - Verify & Continue clickable - clicking
2026-05-23 12:38:26,179 - INFO - Verify & Continue clicked
2026-05-23 12:38:26,179 - INFO - Checking for location popup after login
2026-05-23 12:38:29,272 - INFO - Location popup dismissed - clicked 'Got it'
2026-05-23 12:38:29,272 - INFO - Step: verify successful login
2026-05-23 12:38:29,272 - INFO - Waiting for search box (timeout=20s)
2026-05-23 12:38:29,299 - INFO - Search box ready
2026-05-23 12:38:29,299 - INFO - Login flow completed successfully
2026-05-23 12:38:29,300 - INFO - Step: search all invalid products from csv
2026-05-23 12:38:29,300 - INFO - Reading CSV: C:\Users\sahii\OneDrive\Desktop\CapPro\BDD_BigBasket\test_data\negative_data.csv
2026-05-23 12:38:29,300 - INFO - CSV loaded: 2 rows from negative_data.csv
2026-05-23 12:38:29,300 - INFO - Validating invalid search product: rftDfhwthdfvadwAEFDC
2026-05-23 12:38:29,300 - INFO - Searching for product: rftDfhwthdfvadwAEFDC
2026-05-23 12:38:33,262 - INFO - Search submitted: rftDfhwthdfvadwAEFDC
2026-05-23 12:38:41,381 - INFO - Invalid search screenshot saved: screenshots\NEGATIVE_invalid_search_rftDfhwthdfvadwAEFDC_20260523_123841.png
2026-05-23 12:38:41,382 - INFO - Step: open basket
2026-05-23 12:38:41,382 - INFO - Opening Basket page
2026-05-23 12:38:41,855 - INFO - Basket page opened
2026-05-23 12:38:44,857 - INFO - Step: verify checkout is unavailable for empty basket
2026-05-23 12:38:49,865 - INFO - SCENARIO STATUS: Status.passed
2026-05-23 12:38:49,866 - INFO - Attaching saved screenshot: screenshots\NEGATIVE_invalid_search_rftDfhwthdfvadwAEFDC_20260523_123841.png
2026-05-23 12:38:49,961 - INFO - Screenshot saved: screenshots\Invalid_search_and_empty_basket_checkout_should_be_blocked_20260523_123849.png
2026-05-23 12:38:57,225 - INFO - Browser closed
2026-05-23 12:38:57,225 - INFO - ========================================
2026-05-23 12:38:57,228 - INFO - ========================================
2026-05-23 12:38:57,229 - INFO - STARTING SCENARIO: Search all positive products from csv and add them to basket
2026-05-23 12:39:00,816 - INFO - Browser opened for scenario: Search all positive products from csv and add them to basket
2026-05-23 12:39:00,816 - INFO - Step: ensure user is logged into BigBasket
2026-05-23 12:39:00,817 - INFO - Reading CSV: C:\Users\sahii\OneDrive\Desktop\CapPro\BDD_BigBasket\test_data\login_data.csv
2026-05-23 12:39:00,817 - INFO - CSV loaded: 1 rows from login_data.csv
2026-05-23 12:39:00,817 - INFO - Starting login flow with mobile: 9030652433
2026-05-23 12:39:00,817 - INFO - Step: launch BigBasket application
2026-05-23 12:39:00,817 - INFO - Navigating to bigB
2026-05-23 12:39:00,818 - INFO - Opening URL: https://www.bigbasket.com/
2026-05-23 12:39:02,163 - INFO - URL opened: https://www.bigbasket.com/
2026-05-23 12:39:02,195 - INFO - bigB homepage fully loaded
2026-05-23 12:39:02,195 - INFO - Step: click Login menu
2026-05-23 12:39:02,195 - INFO - Clicking Login menu
2026-05-23 12:39:02,407 - INFO - Login menu clicked
2026-05-23 12:39:02,408 - INFO - Entering mobile/email: 9030652433
2026-05-23 12:39:03,601 - INFO - Mobile/email entered successfully
2026-05-23 12:39:03,602 - INFO - Step: click Continue button
2026-05-23 12:39:03,602 - INFO - Clicking Continue button
2026-05-23 12:39:03,640 - INFO - Continue clicked
2026-05-23 12:39:03,640 - INFO - Waiting up to 30s for OTP page heading
2026-05-23 12:39:04,767 - INFO - OTP page detected - enter OTP manually in browser
2026-05-23 12:39:04,767 - INFO - Step: complete OTP verification manually
2026-05-23 12:39:04,767 - INFO - Waiting up to 120s for Verify & Continue button
2026-05-23 12:39:11,548 - INFO - Verify & Continue clickable - clicking
2026-05-23 12:39:11,603 - INFO - Verify & Continue clicked
2026-05-23 12:39:11,604 - INFO - Checking for location popup after login
2026-05-23 12:39:14,157 - INFO - Location popup dismissed - clicked 'Got it'
2026-05-23 12:39:14,157 - INFO - Step: verify successful login
2026-05-23 12:39:14,157 - INFO - Waiting for search box (timeout=20s)
2026-05-23 12:39:14,185 - INFO - Search box ready
2026-05-23 12:39:14,185 - INFO - Login flow completed successfully
2026-05-23 12:39:14,185 - INFO - Step: search and add positive products from csv
2026-05-23 12:39:14,185 - INFO - Reading CSV: C:\Users\sahii\OneDrive\Desktop\CapPro\BDD_BigBasket\test_data\positive_data.csv
2026-05-23 12:39:14,186 - INFO - CSV loaded: 1 rows from positive_data.csv
2026-05-23 12:39:14,186 - INFO - Trying to search and add product: Cricket bat
2026-05-23 12:39:14,186 - INFO - Searching for product: Cricket bat
2026-05-23 12:39:18,055 - INFO - Search submitted: Cricket bat
2026-05-23 12:39:18,063 - INFO - Clicking Add button
2026-05-23 12:39:18,083 - INFO - Add button clicked
2026-05-23 12:39:20,084 - INFO - Product added to basket: Cricket bat
2026-05-23 12:39:20,085 - INFO - Positive products added: ['Cricket bat']
2026-05-23 12:39:20,086 - INFO - Step: open basket
2026-05-23 12:39:20,087 - INFO - Opening Basket page
2026-05-23 12:39:20,735 - INFO - Basket page opened
2026-05-23 12:39:23,737 - INFO - Step: verify basket page shows checkout option
2026-05-23 12:39:23,750 - INFO - SCENARIO STATUS: Status.passed
2026-05-23 12:39:23,860 - INFO - Screenshot saved: screenshots\Search_all_positive_products_from_csv_and_add_them_to_basket_20260523_123923.png
2026-05-23 12:39:31,114 - INFO - Browser closed
2026-05-23 12:39:31,115 - INFO - ========================================
2026-05-23 12:39:31,117 - INFO - ========================================
2026-05-23 12:39:31,117 - INFO - STARTING SCENARIO: Login search csv products and navigate to checkout
2026-05-23 12:39:32,394 - INFO - Browser opened for scenario: Login search csv products and navigate to checkout
2026-05-23 12:39:32,400 - INFO - Step: ensure user is logged into BigBasket
2026-05-23 12:39:32,402 - INFO - Reading CSV: C:\Users\sahii\OneDrive\Desktop\CapPro\BDD_BigBasket\test_data\login_data.csv
2026-05-23 12:39:32,403 - INFO - CSV loaded: 1 rows from login_data.csv
2026-05-23 12:39:32,403 - INFO - Starting login flow with mobile: 9030652433
2026-05-23 12:39:32,404 - INFO - Step: launch BigBasket application
2026-05-23 12:39:32,404 - INFO - Navigating to bigB
2026-05-23 12:39:32,416 - INFO - Opening URL: https://www.bigbasket.com/
2026-05-23 12:39:35,952 - INFO - URL opened: https://www.bigbasket.com/
2026-05-23 12:39:35,978 - INFO - bigB homepage fully loaded
2026-05-23 12:39:35,978 - INFO - Step: click Login menu
2026-05-23 12:39:35,979 - INFO - Clicking Login menu
2026-05-23 12:39:36,442 - INFO - Login menu clicked
2026-05-23 12:39:36,443 - INFO - Entering mobile/email: 9030652433
2026-05-23 12:39:37,730 - INFO - Mobile/email entered successfully
2026-05-23 12:39:37,731 - INFO - Step: click Continue button
2026-05-23 12:39:37,731 - INFO - Clicking Continue button
2026-05-23 12:39:37,779 - INFO - Continue clicked
2026-05-23 12:39:37,779 - INFO - Waiting up to 30s for OTP page heading
2026-05-23 12:39:39,075 - INFO - OTP page detected - enter OTP manually in browser
2026-05-23 12:39:39,075 - INFO - Step: complete OTP verification manually
2026-05-23 12:39:39,075 - INFO - Waiting up to 120s for Verify & Continue button
2026-05-23 12:39:47,405 - INFO - Verify & Continue clickable - clicking
2026-05-23 12:39:47,453 - INFO - Verify & Continue clicked
2026-05-23 12:39:47,453 - INFO - Checking for location popup after login
2026-05-23 12:39:50,086 - INFO - Location popup dismissed - clicked 'Got it'
2026-05-23 12:39:50,086 - INFO - Step: verify successful login
2026-05-23 12:39:50,086 - INFO - Waiting for search box (timeout=20s)
2026-05-23 12:39:50,117 - INFO - Search box ready
2026-05-23 12:39:50,117 - INFO - Login flow completed successfully
2026-05-23 12:39:50,118 - INFO - Step: search and add checkout products from csv
2026-05-23 12:39:50,118 - INFO - Reading CSV: C:\Users\sahii\OneDrive\Desktop\CapPro\BDD_BigBasket\test_data\search_data.csv
2026-05-23 12:39:50,118 - INFO - CSV loaded: 2 rows from search_data.csv
2026-05-23 12:39:50,118 - INFO - Trying to search and add product: Amul Butter
2026-05-23 12:39:50,118 - INFO - Searching for product: Amul Butter
2026-05-23 12:39:53,934 - INFO - Search submitted: Amul Butter
2026-05-23 12:39:53,943 - INFO - Clicking Add button
2026-05-23 12:39:53,962 - INFO - Add button clicked
2026-05-23 12:39:55,963 - INFO - Product added to basket: Amul Butter
2026-05-23 12:39:55,963 - INFO - Trying to search and add product: Aashirvaad Atta
2026-05-23 12:39:55,964 - INFO - Searching for product: Aashirvaad Atta
2026-05-23 12:39:59,512 - INFO - Search submitted: Aashirvaad Atta
2026-05-23 12:39:59,518 - INFO - Clicking Add button
2026-05-23 12:39:59,530 - INFO - Add button clicked
2026-05-23 12:40:01,531 - INFO - Product added to basket: Aashirvaad Atta
2026-05-23 12:40:01,532 - INFO - Checkout products added: ['Amul Butter', 'Aashirvaad Atta']
2026-05-23 12:40:01,533 - INFO - Step: open basket
2026-05-23 12:40:01,534 - INFO - Opening Basket page
2026-05-23 12:40:02,353 - INFO - Basket page opened
2026-05-23 12:40:05,355 - INFO - Step: increase product quantity
2026-05-23 12:40:05,355 - INFO - Clicking Increment button(s): 1
2026-05-23 12:40:06,378 - INFO - Increment button clicked (1/1). Quantity before: None | after: None
2026-05-23 12:40:06,378 - INFO - Quantity incremented successfully for 1 item(s)
2026-05-23 12:40:06,379 - INFO - Step: click Checkout button
2026-05-23 12:40:06,380 - INFO - Clicking Checkout button
2026-05-23 12:40:06,395 - INFO - Checkout button clicked
2026-05-23 12:40:08,397 - INFO - Step: verify checkout page is reached
2026-05-23 12:40:08,409 - INFO - SCENARIO STATUS: Status.passed
2026-05-23 12:40:08,526 - INFO - Screenshot saved: screenshots\Login_search_csv_products_and_navigate_to_checkout_20260523_124008.png
2026-05-23 12:40:15,754 - INFO - Browser closed
2026-05-23 12:40:15,754 - INFO - ========================================
2026-05-23 12:40:17,292 - INFO - Allure HTML report generated: reports\allure-report
2026-05-23 12:40:17,292 - INFO - Report shortcut generated: reports\report.html
2026-05-23 12:40:17,301 - INFO - Allure report opened automatically
